<?xml version="1.0" encoding="UTF-8"?>
<!-- Generated by org.testng.reporters.JUnitReportReporter -->
<testsuite hostname="VAISHNAVIGOPALGUPTA" failures="0" tests="1" name="store_name_mandatory_check" time="99.883" errors="0" timestamp="2021-04-29T15:32:07 IST" skipped="0">
  <testcase classname="store_name_mandatory_check" name="test" time="99.883"/>
  <system-out/>
</testsuite> <!-- store_name_mandatory_check -->
